<?xml version="1.0" encoding="UTF-8"?>
<!-- Generated by org.testng.reporters.JUnitXMLReporter -->
<testsuite ignored="0" hostname="Swati" failures="1" tests="5" name="Surefire test" time="51.22" errors="0" timestamp="2025-03-03T06:07:37 IST">
  <testcase classname="swatikagalkaracademy.Tests.ErrorValidationsTest" name="productValidations" time="2.345"/>
  <testcase classname="swatikagalkaracademy.Tests.ErrorValidationsTest" name="submitOrder" time="0.663">
    <failure type="java.lang.AssertionError" message="expected:&amp;lt;Incorrect email or password&amp;gt; but was:&amp;lt;Incorrect email or password.&amp;gt;">
      <![CDATA[java.lang.AssertionError: expected:<Incorrect email or password> but was:<Incorrect email or password.>
at swatikagalkaracademy.Tests.ErrorValidationsTest.submitOrder(ErrorValidationsTest.java:27)
at java.base/java.util.ArrayList.forEach(ArrayList.java:1596)
... Removed 32 stack frames]]>
    </failure>
  </testcase> <!-- submitOrder -->
  <testcase classname="swatikagalkaracademy.Tests.SubmitOrderTest" name="submitOrder" time="15.07"/>
  <testcase classname="swatikagalkaracademy.Tests.SubmitOrderTest" name="submitOrder" time="15.023"/>
  <testcase classname="swatikagalkaracademy.Tests.SubmitOrderTest" name="orderHistoryTest" time="0.91"/>
</testsuite> <!-- Surefire test -->
