<?xml version="1.0" encoding="UTF-8"?>
<!-- Generated by org.testng.reporters.JUnitXMLReporter -->
<testsuite ignored="0" hostname="Swati" failures="0" tests="3" name="Default test" time="37.083" errors="0" timestamp="2025-03-02T19:29:10 IST">
  <testcase classname="swatikagalkaracademy.Tests.SubmitOrderTest" name="submitOrder" time="14.828"/>
  <testcase classname="swatikagalkaracademy.Tests.SubmitOrderTest" name="submitOrder" time="14.548"/>
  <testcase classname="swatikagalkaracademy.Tests.SubmitOrderTest" name="orderHistoryTest" time="0.64"/>
</testsuite> <!-- Default test -->
