<?xml version="1.0" encoding="UTF-8"?>
<!-- Generated by org.testng.reporters.JUnitXMLReporter -->
<testsuite ignored="0" hostname="Swati" failures="0" tests="3" name="Submit Order Test" time="37.9" errors="0" timestamp="2025-03-02T20:03:20 IST">
  <testcase classname="swatikagalkaracademy.Tests.SubmitOrderTest" name="submitOrder" time="15.061"/>
  <testcase classname="swatikagalkaracademy.Tests.SubmitOrderTest" name="submitOrder" time="14.69"/>
  <testcase classname="swatikagalkaracademy.Tests.SubmitOrderTest" name="orderHistoryTest" time="0.701"/>
</testsuite> <!-- Submit Order Test -->
