<?xml version="1.0" encoding="UTF-8"?>
<!-- Generated by org.testng.reporters.JUnitXMLReporter -->
<testsuite ignored="0" hostname="Swati" failures="0" tests="3" name="Submit Order Test" time="40.979" errors="0" timestamp="2025-03-03T06:16:40 IST">
  <testcase classname="swatikagalkaracademy.Tests.SubmitOrderTest" name="submitOrder" time="15.242"/>
  <testcase classname="swatikagalkaracademy.Tests.SubmitOrderTest" name="submitOrder" time="15.103"/>
  <testcase classname="swatikagalkaracademy.Tests.SubmitOrderTest" name="orderHistoryTest" time="0.872"/>
</testsuite> <!-- Submit Order Test -->
